[backblue.gif]
[fade.gif]
[index.html]
[d13pxqgp3ixdbh.cloudfront.net/uploads/1657141685dd7433edba5fbf797cabc27ec3a4f8d1.png]
[d13pxqgp3ixdbh.cloudfront.net/uploads/1669380407a71a0e271b84f0de74cc108b608778cc.jpg]
[d13pxqgp3ixdbh.cloudfront.net/uploads/166938045201150af6430c904e77634e921d42a7b2.jpg]
[d13pxqgp3ixdbh.cloudfront.net/uploads/165714330592e67f34a9467825e4aeb19fee11ab72.jpg]
[d13pxqgp3ixdbh.cloudfront.net/uploads/1657143315bb1b29af54eb902729da08fff89113c5.jpg]
[d13pxqgp3ixdbh.cloudfront.net/uploads/16571433246e3aa0452c436aa71941d6aeb05d4f51.jpg]
[d13pxqgp3ixdbh.cloudfront.net/uploads/165714333571dcd76f93d14161faa3f08e51b6f8e3.jpg]
[d13pxqgp3ixdbh.cloudfront.net/uploads/16571433439744ef3d8c734a75ebf27c643cc187e6.jpg]
[d13pxqgp3ixdbh.cloudfront.net/uploads/16571435218bb3f8c1ed152b6713b97495ed530e32.jpg]
[d13pxqgp3ixdbh.cloudfront.net/uploads/16561351047dc8740ba8939eafecb881dd2a27a030.jpg]
[d13pxqgp3ixdbh.cloudfront.net/uploads/1657143386d90a4c0f3f5acd0316b80900ae1f3806.jpg]
[d13pxqgp3ixdbh.cloudfront.net/uploads/1655879626219507d4d89dfd232ee69e47792547c2.jpg]
[d13pxqgp3ixdbh.cloudfront.net/uploads/1655889346d7523646f7253ca3c39338296ecfd7ad.jpg]
[d13pxqgp3ixdbh.cloudfront.net/uploads/1657143437936e98076e2180d12cf8a5dc077a3edb.jpg]
[d13pxqgp3ixdbh.cloudfront.net/uploads/1657143526af7e5af7507b572c655caa798ddefe74.jpg]
[d1j9qsxe04m2ki.cloudfront.net/fv2wUG.js]
[webfile24.com/46230d6.html]
[d13pxqgp3ixdbh.cloudfront.net/uploads/assets/1657017972df972db95f6e9015dbbdf93e27d8f3b4.css]
[use.fontawesome.com/releases/v4.7.0/css/font-awesome-css.min.css]
[d13pxqgp3ixdbh.cloudfront.net/uploads/assets/16571399024ffbda6c8471eb444485929cae1f22ff.css]
[d13pxqgp3ixdbh.cloudfront.net/uploads/assets/14859274931dd77b79350953c8e835afaced491210.js]
[use.fontawesome.com/releases/v4.7.0/css/font-awesome-css.min.css]
[d13pxqgp3ixdbh.cloudfront.net/images/vendor/owl.carousel/src/owl.video.playb40e.png]
